0 info it worked if it ends with ok
1 verbose cli [ '/usr/local/bin/node',
1 verbose cli   '/Users/Kylie/.npm-global/bin/npm',
1 verbose cli   'run',
1 verbose cli   'nodemon',
1 verbose cli   'server.js' ]
2 info using npm@4.0.5
3 info using node@v4.4.4
4 verbose stack Error: missing script: nodemon
4 verbose stack     at run (/Users/Kylie/.npm-global/lib/node_modules/npm/lib/run-script.js:151:19)
4 verbose stack     at /Users/Kylie/.npm-global/lib/node_modules/npm/lib/run-script.js:61:5
4 verbose stack     at /Users/Kylie/.npm-global/lib/node_modules/npm/node_modules/read-package-json/read-json.js:356:5
4 verbose stack     at checkBinReferences_ (/Users/Kylie/.npm-global/lib/node_modules/npm/node_modules/read-package-json/read-json.js:320:45)
4 verbose stack     at final (/Users/Kylie/.npm-global/lib/node_modules/npm/node_modules/read-package-json/read-json.js:354:3)
4 verbose stack     at then (/Users/Kylie/.npm-global/lib/node_modules/npm/node_modules/read-package-json/read-json.js:124:5)
4 verbose stack     at /Users/Kylie/.npm-global/lib/node_modules/npm/node_modules/read-package-json/read-json.js:311:12
4 verbose stack     at /Users/Kylie/.npm-global/lib/node_modules/npm/node_modules/graceful-fs/graceful-fs.js:78:16
4 verbose stack     at FSReqWrap.readFileAfterClose [as oncomplete] (fs.js:380:3)
5 verbose cwd /Users/Kylie/Documents/projects/vue/cfhomes
6 error Darwin 14.5.0
7 error argv "/usr/local/bin/node" "/Users/Kylie/.npm-global/bin/npm" "run" "nodemon" "server.js"
8 error node v4.4.4
9 error npm  v4.0.5
10 error missing script: nodemon
11 error If you need help, you may report this error at:
11 error     <https://github.com/npm/npm/issues>
12 verbose exit [ 1, true ]
